<?xml version="1.0" encoding="UTF-8"?>
<testng-results ignored="0" total="1" passed="1" failed="0" skipped="0">
  <reporter-output>
  </reporter-output>
  <suite started-at="2021-11-20T17:06:48Z" name="Default suite" finished-at="2021-11-20T17:07:20Z" duration-ms="32077">
    <groups>
    </groups>
    <test started-at="2021-11-20T17:06:48Z" name="Default test" finished-at="2021-11-20T17:07:20Z" duration-ms="32077">
      <class name="com.purchasemodule.PurchaseOrderTest">
        <test-method is-config="true" signature="OpenBrowser()[pri:0, instance:com.purchasemodule.PurchaseOrderTest@3688eb5b]" started-at="2021-11-20T17:06:48Z" name="OpenBrowser" finished-at="2021-11-20T17:06:50Z" duration-ms="2203" status="PASS">
          <reporter-output>
          </reporter-output>
        </test-method> <!-- OpenBrowser -->
        <test-method is-config="true" signature="Login()[pri:0, instance:com.purchasemodule.PurchaseOrderTest@3688eb5b]" started-at="2021-11-20T17:06:50Z" name="Login" finished-at="2021-11-20T17:06:59Z" duration-ms="9061" status="PASS">
          <reporter-output>
          </reporter-output>
        </test-method> <!-- Login -->
        <test-method signature="purchaseOrderTest()[pri:0, instance:com.purchasemodule.PurchaseOrderTest@3688eb5b]" started-at="2021-11-20T17:06:59Z" name="purchaseOrderTest" finished-at="2021-11-20T17:07:18Z" duration-ms="19220" status="PASS">
          <reporter-output>
          </reporter-output>
        </test-method> <!-- purchaseOrderTest -->
        <test-method is-config="true" signature="SignOut()[pri:0, instance:com.purchasemodule.PurchaseOrderTest@3688eb5b]" started-at="2021-11-20T17:07:18Z" name="SignOut" finished-at="2021-11-20T17:07:20Z" duration-ms="1474" status="PASS">
          <reporter-output>
          </reporter-output>
        </test-method> <!-- SignOut -->
        <test-method is-config="true" signature="CloseBrowser()[pri:0, instance:com.purchasemodule.PurchaseOrderTest@3688eb5b]" started-at="2021-11-20T17:07:20Z" name="CloseBrowser" finished-at="2021-11-20T17:07:20Z" duration-ms="94" status="PASS">
          <reporter-output>
          </reporter-output>
        </test-method> <!-- CloseBrowser -->
      </class> <!-- com.purchasemodule.PurchaseOrderTest -->
    </test> <!-- Default test -->
  </suite> <!-- Default suite -->
</testng-results>
